[18:28:34] [main/INFO]: Building optimized datafixer
[18:28:38] [Render thread/INFO]: Environment: authHost='https://authserver.mojang.com', accountsHost='https://api.mojang.com', sessionHost='https://sessionserver.mojang.com', servicesHost='https://api.minecraftservices.com', name='PROD'
[18:28:41] [Render thread/INFO]: Setting user: AcronomexX
[18:28:41] [Render thread/INFO]: Backend library: LWJGL version 3.3.1 build 7
[18:28:43] [Render thread/WARN]: ERROR : Couldn't load Narrator library
java.lang.UnsatisfiedLinkError: libflite.so.1: cannot open shared object file: No such file or directory
	at com.sun.jna.Native.open(Native Method) ~[jna-5.10.0.jar:5.10.0 (b0)]
	at com.sun.jna.NativeLibrary.loadLibrary(NativeLibrary.java:277) ~[jna-5.10.0.jar:5.10.0 (b0)]
	at com.sun.jna.NativeLibrary.getInstance(NativeLibrary.java:461) ~[jna-5.10.0.jar:5.10.0 (b0)]
	at com.sun.jna.NativeLibrary.getInstance(NativeLibrary.java:403) ~[jna-5.10.0.jar:5.10.0 (b0)]
	at com.mojang.text2speech.NarratorLinux.<clinit>(NarratorLinux.java:18) [text2speech-1.13.9.jar:?]
	at com.mojang.text2speech.Narrator.getNarrator(Narrator.java:21) [text2speech-1.13.9.jar:?]
	at efn.<init>(SourceFile:19) [client.jar:?]
	at efu.<init>(SourceFile:637) [client.jar:?]
	at net.minecraft.client.main.Main.a(SourceFile:205) [client.jar:?]
	at net.minecraft.client.main.Main.main(SourceFile:51) [client.jar:?]
[18:28:43] [Render thread/INFO]: Reloading ResourceManager: Default
[18:28:53] [Render thread/WARN]: Missing sound for event: minecraft:item.goat_horn.play
[18:28:53] [Render thread/WARN]: Missing sound for event: minecraft:entity.goat.screaming.horn_break
[18:28:53] [Render thread/INFO]: OpenAL initialized on device JACK Default
[18:28:53] [Render thread/INFO]: Sound engine started
[18:28:54] [Render thread/INFO]: Created: 1024x1024x4 minecraft:textures/atlas/blocks.png-atlas
[18:28:54] [Render thread/INFO]: Created: 256x128x4 minecraft:textures/atlas/signs.png-atlas
[18:28:54] [Render thread/INFO]: Created: 1024x512x4 minecraft:textures/atlas/banner_patterns.png-atlas
[18:28:54] [Render thread/INFO]: Created: 1024x512x4 minecraft:textures/atlas/shield_patterns.png-atlas
[18:28:54] [Render thread/INFO]: Created: 256x256x4 minecraft:textures/atlas/chest.png-atlas
[18:28:54] [Render thread/INFO]: Created: 512x256x4 minecraft:textures/atlas/beds.png-atlas
[18:28:54] [Render thread/INFO]: Created: 512x256x4 minecraft:textures/atlas/shulker_boxes.png-atlas
[18:28:57] [Render thread/WARN]: Shader rendertype_entity_translucent_emissive could not find sampler named Sampler2 in the specified shader program.
[18:28:57] [Render thread/INFO]: Created: 512x256x0 minecraft:textures/atlas/particles.png-atlas
[18:28:57] [Render thread/INFO]: Created: 256x256x0 minecraft:textures/atlas/paintings.png-atlas
[18:28:57] [Render thread/INFO]: Created: 256x128x0 minecraft:textures/atlas/mob_effects.png-atlas
[18:29:26] [Render thread/INFO]: Stopping!
